<?xml version="1.0" encoding="UTF-8"?>
<!-- Generated by org.testng.reporters.JUnitXMLReporter -->
<testsuite hostname="PU-NB-SGAIKW" name="Test" tests="6" failures="0" timestamp="20 Aug 2019 18:32:01 GMT" time="21.286" errors="0">
  <testcase name="searchItem" time="3.166" classname="com.viewics.ShoppingAtMyntra"/>
  <testcase name="addItemToWishList" time="2.029" classname="com.viewics.ShoppingAtMyntra"/>
  <testcase name="login" time="2.791" classname="com.viewics.ShoppingAtMyntra"/>
  <testcase name="additemToWishListAfterLogin" time="3.652" classname="com.viewics.ShoppingAtMyntra"/>
  <testcase name="checkwishlistItem" time="0.778" classname="com.viewics.ShoppingAtMyntra"/>
  <testcase name="checkItemInCart" time="2.074" classname="com.viewics.ShoppingAtMyntra"/>
</testsuite> <!-- Test -->
