<?xml version="1.0" encoding="UTF-8"?>
<!-- Generated by org.testng.reporters.JUnitXMLReporter -->
<testsuite hostname="PU-NB-SGAIKW" name="Test" tests="6" failures="0" timestamp="20 Aug 2019 20:05:30 GMT" time="24.457" errors="0">
  <testcase name="searchItem" time="4.764" classname="com.viewics.ShoppingAtMyntra"/>
  <testcase name="addItemToWishList" time="2.24" classname="com.viewics.ShoppingAtMyntra"/>
  <testcase name="login" time="3.527" classname="com.viewics.ShoppingAtMyntra"/>
  <testcase name="additemToWishListAfterLogin" time="3.032" classname="com.viewics.ShoppingAtMyntra"/>
  <testcase name="checkwishlistItem" time="0.869" classname="com.viewics.ShoppingAtMyntra"/>
  <testcase name="checkItemInCart" time="2.142" classname="com.viewics.ShoppingAtMyntra"/>
</testsuite> <!-- Test -->
