<?xml version="1.0" encoding="UTF-8"?>
<testng-results skipped="0" failed="0" total="6" passed="6">
  <reporter-output>
    <line>
      <![CDATA[Searching item "Lavie women bags".]]>
    </line>
    <line>
      <![CDATA[Your searched item "Lavie women bags" found successfully.]]>
    </line>
    <line>
      <![CDATA[SignIn button clicked]]>
    </line>
    <line>
      <![CDATA[Profile option clicked sucessfully]]>
    </line>
    <line>
      <![CDATA[You have successfully logged in to myntra.]]>
    </line>
    <line>
      <![CDATA[Your searched item "Lavie women bags" found successfully.]]>
    </line>
    <line>
      <![CDATA[items added to wishlist]]>
    </line>
    <line>
      <![CDATA[Successfully moved item to Wishlist.]]>
    </line>
    <line>
      <![CDATA[Successfully moved item to shopping bag.]]>
    </line>
    <line>
      <![CDATA[Yayy!! Your item has been added to cart succesfully.]]>
    </line>
  </reporter-output>
  <suite name="Suite" duration-ms="24457" started-at="2019-08-20T20:05:06Z" finished-at="2019-08-20T20:05:30Z">
    <groups>
    </groups>
    <test name="Test" duration-ms="24457" started-at="2019-08-20T20:05:06Z" finished-at="2019-08-20T20:05:30Z">
      <class name="com.viewics.ShoppingAtMyntra">
        <test-method status="PASS" signature="setUp()[pri:0, instance:com.viewics.ShoppingAtMyntra@25618e91]" name="setUp" is-config="true" duration-ms="7854" started-at="2019-08-21T01:35:06Z" finished-at="2019-08-21T01:35:14Z">
          <reporter-output>
          </reporter-output>
        </test-method> <!-- setUp -->
        <test-method status="PASS" signature="searchItem()[pri:0, instance:com.viewics.ShoppingAtMyntra@25618e91]" name="searchItem" duration-ms="4764" started-at="2019-08-21T01:35:14Z" description="search expected item" finished-at="2019-08-21T01:35:18Z">
          <reporter-output>
            <line>
              <![CDATA[Searching item "Lavie women bags".]]>
            </line>
          </reporter-output>
        </test-method> <!-- searchItem -->
        <test-method status="PASS" signature="addItemToWishList()[pri:0, instance:com.viewics.ShoppingAtMyntra@25618e91]" name="addItemToWishList" duration-ms="2240" started-at="2019-08-21T01:35:18Z" description="click on wish list for slected item" depends-on-methods="com.viewics.ShoppingAtMyntra.searchItem" finished-at="2019-08-21T01:35:21Z">
          <reporter-output>
            <line>
              <![CDATA[Your searched item "Lavie women bags" found successfully.]]>
            </line>
          </reporter-output>
        </test-method> <!-- addItemToWishList -->
        <test-method status="PASS" signature="login()[pri:0, instance:com.viewics.ShoppingAtMyntra@25618e91]" name="login" duration-ms="3527" started-at="2019-08-21T01:35:21Z" description="login" depends-on-methods="com.viewics.ShoppingAtMyntra.addItemToWishList" finished-at="2019-08-21T01:35:24Z">
          <reporter-output>
            <line>
              <![CDATA[SignIn button clicked]]>
            </line>
            <line>
              <![CDATA[Profile option clicked sucessfully]]>
            </line>
            <line>
              <![CDATA[You have successfully logged in to myntra.]]>
            </line>
          </reporter-output>
        </test-method> <!-- login -->
        <test-method status="PASS" signature="additemToWishListAfterLogin()[pri:0, instance:com.viewics.ShoppingAtMyntra@25618e91]" name="additemToWishListAfterLogin" duration-ms="3032" started-at="2019-08-21T01:35:24Z" description="again added item to wishlist after login and check item in wishlist" depends-on-methods="com.viewics.ShoppingAtMyntra.login" finished-at="2019-08-21T01:35:27Z">
          <reporter-output>
            <line>
              <![CDATA[Your searched item "Lavie women bags" found successfully.]]>
            </line>
            <line>
              <![CDATA[items added to wishlist]]>
            </line>
            <line>
              <![CDATA[Successfully moved item to Wishlist.]]>
            </line>
          </reporter-output>
        </test-method> <!-- additemToWishListAfterLogin -->
        <test-method status="PASS" signature="checkwishlistItem()[pri:0, instance:com.viewics.ShoppingAtMyntra@25618e91]" name="checkwishlistItem" duration-ms="869" started-at="2019-08-21T01:35:27Z" description="check item in wishlist and added item to bag/cart" depends-on-methods="com.viewics.ShoppingAtMyntra.additemToWishListAfterLogin" finished-at="2019-08-21T01:35:28Z">
          <reporter-output>
            <line>
              <![CDATA[Successfully moved item to shopping bag.]]>
            </line>
          </reporter-output>
        </test-method> <!-- checkwishlistItem -->
        <test-method status="PASS" signature="checkItemInCart()[pri:0, instance:com.viewics.ShoppingAtMyntra@25618e91]" name="checkItemInCart" duration-ms="2142" started-at="2019-08-21T01:35:28Z" description="check item in cart/bag" depends-on-methods="com.viewics.ShoppingAtMyntra.checkwishlistItem" finished-at="2019-08-21T01:35:30Z">
          <reporter-output>
            <line>
              <![CDATA[Yayy!! Your item has been added to cart succesfully.]]>
            </line>
          </reporter-output>
        </test-method> <!-- checkItemInCart -->
        <test-method status="PASS" signature="close()[pri:0, instance:com.viewics.ShoppingAtMyntra@25618e91]" name="close" is-config="true" duration-ms="1" started-at="2019-08-21T01:35:30Z" finished-at="2019-08-21T01:35:30Z">
          <reporter-output>
          </reporter-output>
        </test-method> <!-- close -->
      </class> <!-- com.viewics.ShoppingAtMyntra -->
    </test> <!-- Test -->
  </suite> <!-- Suite -->
</testng-results>
